Sat, 22 Oct 2022 13:16:06 INFO     log file created
Sat, 22 Oct 2022 13:16:06 INFO     channel urls recieved successfully. urls = ['https://www.youtube.com/c/CodeWithHarry', 'https://www.youtube.com/c/Telusko', 'https://www.youtube.com/user/krishnaik06']
Sat, 22 Oct 2022 13:16:06 INFO     2 videos are to be scraped
Sat, 22 Oct 2022 13:16:06 INFO     20 comments are to be scraped
Sat, 22 Oct 2022 13:16:06 INFO     Empty csv files created
Sat, 22 Oct 2022 13:16:06 INFO     package: mysql.connector.plugins
Sat, 22 Oct 2022 13:16:06 INFO     plugin_name: caching_sha2_password
Sat, 22 Oct 2022 13:16:06 INFO     AUTHENTICATION_PLUGIN_CLASS: MySQLCachingSHA2PasswordAuthPlugin
Sat, 22 Oct 2022 13:16:06 INFO     Successfully connected to sql database
Sat, 22 Oct 2022 13:16:07 INFO     Successfully connected to mongodb
Sat, 22 Oct 2022 13:16:07 INFO     ====== WebDriver manager ======
Sat, 22 Oct 2022 13:16:08 INFO     Get LATEST chromedriver version for google-chrome 106.0.5249
Sat, 22 Oct 2022 13:16:08 INFO     Driver [C:\Users\sumit\.wdm\drivers\chromedriver\win32\106.0.5249\chromedriver.exe] found in cache
Sat, 22 Oct 2022 13:16:17 INFO     About section opened for youtuber Id: 1
Sat, 22 Oct 2022 13:16:33 INFO     Successfully scraped social media links for youtuber id: 1
Sat, 22 Oct 2022 13:16:33 INFO     Youtubers name scraped for youtuber id: 1
Sat, 22 Oct 2022 13:16:33 INFO     Youtubers subscriber count scraped for youtuber id: 1
Sat, 22 Oct 2022 13:16:33 INFO     Youtubers channel link scraped for youtuber id: 1
Sat, 22 Oct 2022 13:16:33 INFO     youtubers data inserted in youtubers.csv for youtuber Id: 1
Sat, 22 Oct 2022 13:16:33 INFO     youtubers data inserted in sql table youtubers for youtuber Id: 1
Sat, 22 Oct 2022 13:16:34 INFO     youtubers data inserted in mongodb collection youtubers for youtuber Id: 1
Sat, 22 Oct 2022 13:16:36 INFO     Video section opened for youtuber Id: 1
Sat, 22 Oct 2022 13:16:43 INFO     youtubers Id: 1 is created for videos table
Sat, 22 Oct 2022 13:16:43 INFO     video Id: 1of1 is created in videos table
Sat, 22 Oct 2022 13:16:43 INFO     video title is scraped successfully for video id: 1of1
Sat, 22 Oct 2022 13:16:43 INFO     video link is scraped successfully for video id: 1of1
Sat, 22 Oct 2022 13:16:43 INFO     download link is scraped successfully for video id: 1of1
Sat, 22 Oct 2022 13:16:46 INFO     publish_date is scraped successfully for video id: 1of1
Sat, 22 Oct 2022 13:16:49 INFO     length is scraped successfully for video id: 1of1
Sat, 22 Oct 2022 13:16:49 INFO     description is scraped successfully for video id: 1of1
Sat, 22 Oct 2022 13:16:52 INFO     video url is opened, video id: 1of1
Sat, 22 Oct 2022 13:17:08 INFO     views are scraped successfully for video id: 1of1
Sat, 22 Oct 2022 13:17:08 INFO     likes are scraped successfully for video id: 1of1
Sat, 22 Oct 2022 13:17:08 INFO     total comments are scraped successfully for video id: 1of1
Sat, 22 Oct 2022 13:17:08 INFO     video data inserted in videos.csv for video id: 1of1
Sat, 22 Oct 2022 13:17:08 INFO     video data inserted in sql database for video id: 1of1
Sat, 22 Oct 2022 13:17:08 INFO     video data inserted in mongodb for video id: 1of1
Sat, 22 Oct 2022 13:17:12 INFO     video url is opened second time for video id: 1of1
Sat, 22 Oct 2022 13:17:49 INFO     All authors names scraped for video id: 1of1
Sat, 22 Oct 2022 13:17:49 INFO     All comments scraped for video id: 1of1
Sat, 22 Oct 2022 13:17:49 INFO     video comments inserted in comments.csv for video id: 1of1
Sat, 22 Oct 2022 13:17:49 INFO     comments inserted in sql database for video id: 1of1
Sat, 22 Oct 2022 13:17:49 INFO     comments inserted in mongodb for video id: 1of1
Sat, 22 Oct 2022 13:17:55 INFO     About section opened for youtuber Id: 2
Sat, 22 Oct 2022 13:18:11 INFO     Successfully scraped social media links for youtuber id: 2
Sat, 22 Oct 2022 13:18:11 INFO     Youtubers name scraped for youtuber id: 2
Sat, 22 Oct 2022 13:18:11 INFO     Youtubers subscriber count scraped for youtuber id: 2
Sat, 22 Oct 2022 13:18:11 INFO     Youtubers channel link scraped for youtuber id: 2
Sat, 22 Oct 2022 13:18:11 INFO     youtubers data inserted in youtubers.csv for youtuber Id: 2
Sat, 22 Oct 2022 13:18:11 INFO     youtubers data inserted in sql table youtubers for youtuber Id: 2
Sat, 22 Oct 2022 13:18:11 INFO     youtubers data inserted in mongodb collection youtubers for youtuber Id: 2
Sat, 22 Oct 2022 13:18:12 INFO     Video section opened for youtuber Id: 2
Sat, 22 Oct 2022 13:18:20 INFO     youtubers Id: 2 is created for videos table
Sat, 22 Oct 2022 13:18:20 INFO     video Id: 2of1 is created in videos table
Sat, 22 Oct 2022 13:18:20 INFO     video title is scraped successfully for video id: 2of1
Sat, 22 Oct 2022 13:18:20 INFO     video link is scraped successfully for video id: 2of1
Sat, 22 Oct 2022 13:18:20 INFO     download link is scraped successfully for video id: 2of1
Sat, 22 Oct 2022 13:18:21 INFO     publish_date is scraped successfully for video id: 2of1
Sat, 22 Oct 2022 13:18:22 INFO     length is scraped successfully for video id: 2of1
Sat, 22 Oct 2022 13:18:22 INFO     description is scraped successfully for video id: 2of1
Sat, 22 Oct 2022 13:18:23 INFO     video url is opened, video id: 2of1
Sat, 22 Oct 2022 13:18:39 INFO     views are scraped successfully for video id: 2of1
Sat, 22 Oct 2022 13:18:39 INFO     likes are scraped successfully for video id: 2of1
Sat, 22 Oct 2022 13:18:39 INFO     total comments are scraped successfully for video id: 2of1
Sat, 22 Oct 2022 13:18:39 INFO     video data inserted in videos.csv for video id: 2of1
Sat, 22 Oct 2022 13:18:39 INFO     video data inserted in sql database for video id: 2of1
Sat, 22 Oct 2022 13:18:39 INFO     video data inserted in mongodb for video id: 2of1
Sat, 22 Oct 2022 13:18:40 INFO     video url is opened second time for video id: 2of1
Sat, 22 Oct 2022 13:19:18 INFO     All authors names scraped for video id: 2of1
Sat, 22 Oct 2022 13:19:18 INFO     All comments scraped for video id: 2of1
Sat, 22 Oct 2022 13:19:18 INFO     video comments inserted in comments.csv for video id: 2of1
Sat, 22 Oct 2022 13:19:18 INFO     comments inserted in sql database for video id: 2of1
Sat, 22 Oct 2022 13:19:18 INFO     comments inserted in mongodb for video id: 2of1
Sat, 22 Oct 2022 13:19:18 INFO     youtubers Id: 2 is created for videos table
Sat, 22 Oct 2022 13:19:18 INFO     video Id: 2of2 is created in videos table
Sat, 22 Oct 2022 13:19:18 INFO     video title is scraped successfully for video id: 2of2
Sat, 22 Oct 2022 13:19:18 INFO     video link is scraped successfully for video id: 2of2
Sat, 22 Oct 2022 13:19:18 INFO     download link is scraped successfully for video id: 2of2
Sat, 22 Oct 2022 13:19:20 INFO     publish_date is scraped successfully for video id: 2of2
Sat, 22 Oct 2022 13:19:21 INFO     length is scraped successfully for video id: 2of2
Sat, 22 Oct 2022 13:19:21 INFO     description is scraped successfully for video id: 2of2
Sat, 22 Oct 2022 13:19:23 INFO     video url is opened, video id: 2of2
Sat, 22 Oct 2022 13:19:39 INFO     views are scraped successfully for video id: 2of2
Sat, 22 Oct 2022 13:19:39 INFO     likes are scraped successfully for video id: 2of2
Sat, 22 Oct 2022 13:19:39 INFO     total comments are scraped successfully for video id: 2of2
Sat, 22 Oct 2022 13:19:39 INFO     video data inserted in videos.csv for video id: 2of2
Sat, 22 Oct 2022 13:19:39 INFO     video data inserted in sql database for video id: 2of2
Sat, 22 Oct 2022 13:19:39 INFO     video data inserted in mongodb for video id: 2of2
Sat, 22 Oct 2022 13:19:40 INFO     video url is opened second time for video id: 2of2
Sat, 22 Oct 2022 13:20:18 INFO     All authors names scraped for video id: 2of2
Sat, 22 Oct 2022 13:20:18 INFO     All comments scraped for video id: 2of2
Sat, 22 Oct 2022 13:20:18 INFO     video comments inserted in comments.csv for video id: 2of2
Sat, 22 Oct 2022 13:20:18 INFO     comments inserted in sql database for video id: 2of2
Sat, 22 Oct 2022 13:20:18 INFO     comments inserted in mongodb for video id: 2of2
Sat, 22 Oct 2022 13:20:24 INFO     About section opened for youtuber Id: 3
Sat, 22 Oct 2022 13:20:40 INFO     Successfully scraped social media links for youtuber id: 3
Sat, 22 Oct 2022 13:20:40 INFO     Youtubers name scraped for youtuber id: 3
Sat, 22 Oct 2022 13:20:40 INFO     Youtubers subscriber count scraped for youtuber id: 3
Sat, 22 Oct 2022 13:20:40 INFO     Youtubers channel link scraped for youtuber id: 3
Sat, 22 Oct 2022 13:20:40 INFO     youtubers data inserted in youtubers.csv for youtuber Id: 3
Sat, 22 Oct 2022 13:20:40 INFO     youtubers data inserted in sql table youtubers for youtuber Id: 3
Sat, 22 Oct 2022 13:20:40 INFO     youtubers data inserted in mongodb collection youtubers for youtuber Id: 3
Sat, 22 Oct 2022 13:20:41 INFO     Video section opened for youtuber Id: 3
Sat, 22 Oct 2022 13:20:49 INFO     youtubers Id: 3 is created for videos table
Sat, 22 Oct 2022 13:20:49 INFO     video Id: 3of1 is created in videos table
Sat, 22 Oct 2022 13:20:49 INFO     video title is scraped successfully for video id: 3of1
Sat, 22 Oct 2022 13:20:49 INFO     video link is scraped successfully for video id: 3of1
Sat, 22 Oct 2022 13:20:49 INFO     download link is scraped successfully for video id: 3of1
Sat, 22 Oct 2022 13:20:51 INFO     publish_date is scraped successfully for video id: 3of1
Sat, 22 Oct 2022 13:20:52 INFO     length is scraped successfully for video id: 3of1
Sat, 22 Oct 2022 13:20:52 INFO     description is scraped successfully for video id: 3of1
Sat, 22 Oct 2022 13:20:54 INFO     video url is opened, video id: 3of1
Sat, 22 Oct 2022 13:21:09 INFO     views are scraped successfully for video id: 3of1
Sat, 22 Oct 2022 13:21:09 INFO     likes are scraped successfully for video id: 3of1
Sat, 22 Oct 2022 13:21:09 INFO     total comments are scraped successfully for video id: 3of1
Sat, 22 Oct 2022 13:21:09 INFO     video data inserted in videos.csv for video id: 3of1
Sat, 22 Oct 2022 13:21:09 INFO     video data inserted in sql database for video id: 3of1
Sat, 22 Oct 2022 13:21:10 INFO     video data inserted in mongodb for video id: 3of1
Sat, 22 Oct 2022 13:21:11 INFO     video url is opened second time for video id: 3of1
Sat, 22 Oct 2022 13:21:46 INFO     All authors names scraped for video id: 3of1
Sat, 22 Oct 2022 13:21:46 INFO     All comments scraped for video id: 3of1
Sat, 22 Oct 2022 13:21:46 INFO     video comments inserted in comments.csv for video id: 3of1
Sat, 22 Oct 2022 13:21:46 INFO     comments inserted in sql database for video id: 3of1
Sat, 22 Oct 2022 13:21:46 INFO     comments inserted in mongodb for video id: 3of1
Sat, 22 Oct 2022 13:21:46 INFO     youtubers Id: 3 is created for videos table
Sat, 22 Oct 2022 13:21:46 INFO     video Id: 3of2 is created in videos table
Sat, 22 Oct 2022 13:21:46 INFO     video title is scraped successfully for video id: 3of2
Sat, 22 Oct 2022 13:21:46 INFO     video link is scraped successfully for video id: 3of2
Sat, 22 Oct 2022 13:21:46 INFO     download link is scraped successfully for video id: 3of2
Sat, 22 Oct 2022 13:21:48 INFO     publish_date is scraped successfully for video id: 3of2
Sat, 22 Oct 2022 13:21:49 INFO     length is scraped successfully for video id: 3of2
Sat, 22 Oct 2022 13:21:49 INFO     description is scraped successfully for video id: 3of2
Sat, 22 Oct 2022 13:21:51 INFO     video url is opened, video id: 3of2
Sat, 22 Oct 2022 13:22:07 INFO     views are scraped successfully for video id: 3of2
Sat, 22 Oct 2022 13:22:07 INFO     likes are scraped successfully for video id: 3of2
Sat, 22 Oct 2022 13:22:07 INFO     total comments are scraped successfully for video id: 3of2
Sat, 22 Oct 2022 13:22:07 INFO     video data inserted in videos.csv for video id: 3of2
Sat, 22 Oct 2022 13:22:07 INFO     video data inserted in sql database for video id: 3of2
Sat, 22 Oct 2022 13:22:07 INFO     video data inserted in mongodb for video id: 3of2
Sat, 22 Oct 2022 13:22:09 INFO     video url is opened second time for video id: 3of2
Sat, 22 Oct 2022 13:22:46 INFO     All authors names scraped for video id: 3of2
Sat, 22 Oct 2022 13:22:46 INFO     All comments scraped for video id: 3of2
Sat, 22 Oct 2022 13:22:46 INFO     video comments inserted in comments.csv for video id: 3of2
Sat, 22 Oct 2022 13:22:46 INFO     comments inserted in sql database for video id: 3of2
Sat, 22 Oct 2022 13:22:46 INFO     comments inserted in mongodb for video id: 3of2
Sat, 22 Oct 2022 13:22:48 INFO     127.0.0.1 - - [22/Oct/2022 13:22:48] "POST /scrap HTTP/1.1" 200 -
Sat, 22 Oct 2022 13:23:06 INFO     127.0.0.1 - - [22/Oct/2022 13:23:06] "GET /download HTTP/1.1" 200 -
